< - file ->
04.07.2023 19:04:10 UTC +3 PasswordError: Data was corrupted, Attempt: 1
04.07.2023 19:04:18 UTC +3 PasswordError: Data was corrupted, Attempt: 2
04.07.2023 19:04:25 UTC +3 PasswordError: Data was corrupted, Attempt: 3
04.07.2023 19:04:43 UTC +3 PasswordError: Data was corrupted, Attempt: 4
04.07.2023 19:04:56 UTC +3 PasswordError: Data was corrupted, Attempt: 5
04.07.2023 19:05:01 UTC +3 PasswordError: Data was corrupted, Unit "cpassword recorder" temporarily blocked
04.07.2023 19:05:09 UTC +3 PasswordError: Data was corrupted, Report to the admin immediately!
04.07.2023 19:05:09 UTC +3 Warning! 85% of memory used! Report to the tech team immediately!
04.07.2023 19:05:09 UTC +3 Warning! 90% of memory used! Report to the tech team immediately!
04.07.2023 19:05:09 UTC +3 Warning! 95% of memory used! Report to the tech team immediately!
04.07.2023 19:05:15 UTC +3 Error: 228 PasswordMove [Move] Use correct data
04.07.2023 19:05:45 UTC +3 Fatal error: ERROR!
04.07.2023 19:05:45 UTC +3 Fatal error: ERROR!
04.07.2023 19:05:45 UTC +3 Fatal error: ERROR!
04.07.2023 19:06:15 UTC +3 Load: DELETED
04.07.2023 19:06:55 UTC +3 Trace source MAC: 21:c0:2345234ewrfv5432
04.07.2023 19:07:56 UTC +3 Error: Transmission Interrupted Part1: DELETED
04.07.2023 19:07:56 UTC +3 Error: Transmission Interrupted Part2: DELETED
04.07.2023 19:07:56 UTC +3 Error: Transmission Interrupted Part3: DELETED
< - end of file ->
